Using pre-set license
Built from '2020.2/release' branch; Version is '2020.2.2f1 (068178b99f32) revision 426360'; Using compiler version '192528614'; Build Type 'Release'
OS: 'Windows 10 Pro; OS build 19043.1348; Version 2009; 64bit' Language: 'en' Physical Memory: 65445 MB
BatchMode: 1, IsHumanControllingUs: 0, StartBugReporterOnCrash: 0, Is64bit: 1, IsPro: 0

 COMMAND LINE ARGUMENTS:
C:\Program Files\Unity\Editor\Unity.exe
-adb2
-batchMode
-noUpm
-name
AssetImportWorker0
-projectPath
C:/Users/LionA/Desktop/Unity Projects/Clicker SE2 2021 GroupA
-logFile
Logs/AssetImportWorker0.log
-srvPort
49869
Successfully changed project path to: C:/Users/LionA/Desktop/Unity Projects/Clicker SE2 2021 GroupA
C:/Users/LionA/Desktop/Unity Projects/Clicker SE2 2021 GroupA
Using Asset Import Pipeline V2.
Refreshing native plugins compatible for Editor in 26.05 ms, found 1 plugins.
Preloading 0 native plugins for Editor in 0.00 ms.
Initialize engine version: 2020.2.2f1 (068178b99f32)
[Subsystems] Discovering subsystems at path C:/Program Files/Unity/Editor/Data/Resources/UnitySubsystems
[Subsystems] Discovering subsystems at path C:/Users/LionA/Desktop/Unity Projects/Clicker SE2 2021 GroupA/Assets
GfxDevice: creating device client; threaded=0
Direct3D:
    Version:  Direct3D 11.0 [level 11.1]
    Renderer: NVIDIA GeForce RTX 3090 (ID=0x2204)
    Vendor:   
    VRAM:     24348 MB
    Driver:   30.0.14.7239
Initialize mono
Mono path[0] = 'C:/Program Files/Unity/Editor/Data/Managed'
Mono path[1] = 'C:/Program Files/Unity/Editor/Data/MonoBleedingEdge/lib/mono/unityjit'
Mono config path = 'C:/Program Files/Unity/Editor/Data/MonoBleedingEdge/etc'
Using monoOptions --debugger-agent=transport=dt_socket,embedding=1,server=y,suspend=n,address=127.0.0.1:56972
Begin MonoManager ReloadAssembly
Registering precompiled unity dll's ...
Register platform support module: C:/Program Files/Unity/Editor/Data/PlaybackEngines/WindowsStandaloneSupport/UnityEditor.WindowsStandalone.Extensions.dll
Registered in 0.001444 seconds.
Native extension for WindowsStandalone target not found
Refreshing native plugins compatible for Editor in 27.23 ms, found 1 plugins.
Preloading 0 native plugins for Editor in 0.00 ms.
Invoked RoslynAnalysisRunner static constructor.
RoslynAnalysisRunner will not be running.
RoslynAnalysisRunner has terminated.
Mono: successfully reloaded assembly
- Completed reload, in  0.715 seconds
Platform modules already initialized, skipping
Registering precompiled user dll's ...
Registered in 0.000928 seconds.
Begin MonoManager ReloadAssembly
Native extension for WindowsStandalone target not found
Refreshing native plugins compatible for Editor in 27.19 ms, found 1 plugins.
Preloading 0 native plugins for Editor in 0.00 ms.
Invoked RoslynAnalysisRunner static constructor.
RoslynAnalysisRunner will not be running.
RoslynAnalysisRunner has terminated.
Mono: successfully reloaded assembly
- Completed reload, in  0.610 seconds
Platform modules already initialized, skipping
========================================================================
Worker process is ready to serve import requests
Launched and connected shader compiler UnityShaderCompiler.exe after 0.04 seconds
Refreshing native plugins compatible for Editor in 0.39 ms, found 1 plugins.
Preloading 0 native plugins for Editor in 0.00 ms.
Unloading 1795 Unused Serialized files (Serialized files now loaded: 0)
System memory in use before: 84.3 MB.
System memory in use after: 84.3 MB.

Unloading 24 unused Assets to reduce memory usage. Loaded Objects now: 2237.
Total: 1.860200 ms (FindLiveObjects: 0.174700 ms CreateObjectMapping: 0.045400 ms MarkObjects: 1.534700 ms  DeleteObjects: 0.104400 ms)

========================================================================
Received Import Request.
  path: Assets/Sounds
  artifactKey: Guid(7e07913bfd8cd0746a2946bb43b870ad) Importer(815301076,1909f56bfc062723c751e8b465ee728b)
Start importing Assets/Sounds using Guid(7e07913bfd8cd0746a2946bb43b870ad) Importer(815301076,1909f56bfc062723c751e8b465ee728b)  -> (artifact id: '432f5523360cd0005607bac3849d917e') in 0.009322 seconds
  Import took 0.011762 seconds .

========================================================================
Received Import Request.
  Time since last request: 137.119707 seconds.
  path: Assets/Master.mixer
  artifactKey: Guid(6c481c334e277884d9653e031080fa28) Importer(815301076,1909f56bfc062723c751e8b465ee728b)
Start importing Assets/Master.mixer using Guid(6c481c334e277884d9653e031080fa28) Importer(815301076,1909f56bfc062723c751e8b465ee728b)  -> (artifact id: 'c502167f7a952c342def76af6b254465') in 0.026800 seconds
  Import took 0.029687 seconds .

========================================================================
Received Import Request.
  Time since last request: 547.994882 seconds.
  path: Assets/Sounds/Moving Up [Original Mix] - Kami Royalty Free Music - No Copyright Music.mp3
  artifactKey: Guid(80fb35e038ef7c847a9a28c9da58b9fa) Importer(815301076,1909f56bfc062723c751e8b465ee728b)
Start importing Assets/Sounds/Moving Up [Original Mix] - Kami Royalty Free Music - No Copyright Music.mp3 using Guid(80fb35e038ef7c847a9a28c9da58b9fa) Importer(815301076,1909f56bfc062723c751e8b465ee728b)  -> (artifact id: 'a3b93fcb54dc343566e4bca6217b1563') in 0.091086 seconds
  Import took 0.094072 seconds .

========================================================================
Received Import Request.
  Time since last request: 8.026333 seconds.
  path: Assets/Sounds/Moving Up [Original Mix] - Kami Royalty Free Music - No Copyright Music.prefab
  artifactKey: Guid(bc26388760ec15a45a93f8072fb0dd54) Importer(815301076,1909f56bfc062723c751e8b465ee728b)
Start importing Assets/Sounds/Moving Up [Original Mix] - Kami Royalty Free Music - No Copyright Music.prefab using Guid(bc26388760ec15a45a93f8072fb0dd54) Importer(815301076,1909f56bfc062723c751e8b465ee728b)  -> (artifact id: '645b41c16e4c77051294500bd1304644') in 0.010822 seconds
  Import took 0.013779 seconds .

========================================================================
Received Import Request.
  Time since last request: 6.968655 seconds.
  path: ProjectSettings/TagManager.asset
  artifactKey: Guid(00000000000000003000000000000000) Importer(815301076,1909f56bfc062723c751e8b465ee728b)
Start importing ProjectSettings/TagManager.asset using Guid(00000000000000003000000000000000) Importer(815301076,1909f56bfc062723c751e8b465ee728b)  -> (artifact id: '4d0100ea525bc1de8a559096e9dc5367') in 0.008027 seconds
  Import took 0.010820 seconds .

========================================================================
Received Import Request.
  Time since last request: 14.757822 seconds.
  path: Assets/Sounds/Moving Up [Original Mix] - Kami Royalty Free Music - No Copyright Music.prefab
  artifactKey: Guid(bc26388760ec15a45a93f8072fb0dd54) Importer(815301076,1909f56bfc062723c751e8b465ee728b)
Start importing Assets/Sounds/Moving Up [Original Mix] - Kami Royalty Free Music - No Copyright Music.prefab using Guid(bc26388760ec15a45a93f8072fb0dd54) Importer(815301076,1909f56bfc062723c751e8b465ee728b)  -> (artifact id: '69a9abcc8b2a1b9076a4863c39d326cf') in 0.002970 seconds
  Import took 0.005692 seconds .

========================================================================
Received Prepare
Registering precompiled user dll's ...
Registered in 0.001035 seconds.
Begin MonoManager ReloadAssembly
Native extension for WindowsStandalone target not found
Refreshing native plugins compatible for Editor in 0.40 ms, found 1 plugins.
Preloading 0 native plugins for Editor in 0.00 ms.
Invoked RoslynAnalysisRunner static constructor.
RoslynAnalysisRunner will not be running.
RoslynAnalysisRunner has terminated.
Mono: successfully reloaded assembly
- Completed reload, in  0.588 seconds
Platform modules already initialized, skipping
Refreshing native plugins compatible for Editor in 0.40 ms, found 1 plugins.
Preloading 0 native plugins for Editor in 0.00 ms.
Unloading 1790 Unused Serialized files (Serialized files now loaded: 0)
System memory in use before: 87.5 MB.
System memory in use after: 87.5 MB.

Unloading 13 unused Assets to reduce memory usage. Loaded Objects now: 2249.
Total: 2.642700 ms (FindLiveObjects: 0.387700 ms CreateObjectMapping: 0.124800 ms MarkObjects: 2.012800 ms  DeleteObjects: 0.116600 ms)

========================================================================
Received Prepare
Registering precompiled user dll's ...
Registered in 0.000746 seconds.
Begin MonoManager ReloadAssembly
Native extension for WindowsStandalone target not found
Refreshing native plugins compatible for Editor in 0.38 ms, found 1 plugins.
Preloading 0 native plugins for Editor in 0.00 ms.
Invoked RoslynAnalysisRunner static constructor.
RoslynAnalysisRunner will not be running.
RoslynAnalysisRunner has terminated.
Mono: successfully reloaded assembly
- Completed reload, in  0.561 seconds
Platform modules already initialized, skipping
Refreshing native plugins compatible for Editor in 0.42 ms, found 1 plugins.
Preloading 0 native plugins for Editor in 0.00 ms.
Unloading 1790 Unused Serialized files (Serialized files now loaded: 0)
System memory in use before: 87.6 MB.
System memory in use after: 87.6 MB.

Unloading 12 unused Assets to reduce memory usage. Loaded Objects now: 2252.
Total: 1.852800 ms (FindLiveObjects: 0.192700 ms CreateObjectMapping: 0.045900 ms MarkObjects: 1.517300 ms  DeleteObjects: 0.096200 ms)

========================================================================
Received Prepare
Registering precompiled user dll's ...
Registered in 0.000818 seconds.
Begin MonoManager ReloadAssembly
Native extension for WindowsStandalone target not found
Refreshing native plugins compatible for Editor in 0.45 ms, found 1 plugins.
Preloading 0 native plugins for Editor in 0.00 ms.
Invoked RoslynAnalysisRunner static constructor.
RoslynAnalysisRunner will not be running.
RoslynAnalysisRunner has terminated.
Mono: successfully reloaded assembly
- Completed reload, in  0.559 seconds
Platform modules already initialized, skipping
Refreshing native plugins compatible for Editor in 0.39 ms, found 1 plugins.
Preloading 0 native plugins for Editor in 0.00 ms.
Unloading 1790 Unused Serialized files (Serialized files now loaded: 0)
System memory in use before: 87.7 MB.
System memory in use after: 87.7 MB.

Unloading 12 unused Assets to reduce memory usage. Loaded Objects now: 2255.
Total: 2.015200 ms (FindLiveObjects: 0.226400 ms CreateObjectMapping: 0.059400 ms MarkObjects: 1.631800 ms  DeleteObjects: 0.096600 ms)

========================================================================
Received Prepare
Registering precompiled user dll's ...
Registered in 0.000732 seconds.
Begin MonoManager ReloadAssembly
Native extension for WindowsStandalone target not found
Refreshing native plugins compatible for Editor in 0.38 ms, found 1 plugins.
Preloading 0 native plugins for Editor in 0.00 ms.
Invoked RoslynAnalysisRunner static constructor.
RoslynAnalysisRunner will not be running.
RoslynAnalysisRunner has terminated.
Mono: successfully reloaded assembly
- Completed reload, in  0.565 seconds
Platform modules already initialized, skipping
Refreshing native plugins compatible for Editor in 0.40 ms, found 1 plugins.
Preloading 0 native plugins for Editor in 0.00 ms.
Unloading 1790 Unused Serialized files (Serialized files now loaded: 0)
System memory in use before: 87.8 MB.
System memory in use after: 87.8 MB.

Unloading 12 unused Assets to reduce memory usage. Loaded Objects now: 2258.
Total: 1.954000 ms (FindLiveObjects: 0.175100 ms CreateObjectMapping: 0.052600 ms MarkObjects: 1.621800 ms  DeleteObjects: 0.103600 ms)

========================================================================
Received Prepare
Registering precompiled user dll's ...
Registered in 0.000955 seconds.
Begin MonoManager ReloadAssembly
Native extension for WindowsStandalone target not found
Refreshing native plugins compatible for Editor in 0.38 ms, found 1 plugins.
Preloading 0 native plugins for Editor in 0.00 ms.
Invoked RoslynAnalysisRunner static constructor.
RoslynAnalysisRunner will not be running.
RoslynAnalysisRunner has terminated.
Mono: successfully reloaded assembly
- Completed reload, in  0.551 seconds
Platform modules already initialized, skipping
Refreshing native plugins compatible for Editor in 0.40 ms, found 1 plugins.
Preloading 0 native plugins for Editor in 0.00 ms.
Unloading 1790 Unused Serialized files (Serialized files now loaded: 0)
System memory in use before: 87.8 MB.
System memory in use after: 87.8 MB.

Unloading 12 unused Assets to reduce memory usage. Loaded Objects now: 2261.
Total: 1.771500 ms (FindLiveObjects: 0.179600 ms CreateObjectMapping: 0.045000 ms MarkObjects: 1.453800 ms  DeleteObjects: 0.092200 ms)

========================================================================
Received Prepare
Registering precompiled user dll's ...
Registered in 0.000751 seconds.
Begin MonoManager ReloadAssembly
Native extension for WindowsStandalone target not found
Refreshing native plugins compatible for Editor in 0.40 ms, found 1 plugins.
Preloading 0 native plugins for Editor in 0.00 ms.
Invoked RoslynAnalysisRunner static constructor.
RoslynAnalysisRunner will not be running.
RoslynAnalysisRunner has terminated.
Mono: successfully reloaded assembly
- Completed reload, in  0.573 seconds
Platform modules already initialized, skipping
Refreshing native plugins compatible for Editor in 0.42 ms, found 1 plugins.
Preloading 0 native plugins for Editor in 0.00 ms.
Unloading 1790 Unused Serialized files (Serialized files now loaded: 0)
System memory in use before: 87.9 MB.
System memory in use after: 87.9 MB.

Unloading 12 unused Assets to reduce memory usage. Loaded Objects now: 2264.
Total: 1.985200 ms (FindLiveObjects: 0.294600 ms CreateObjectMapping: 0.057000 ms MarkObjects: 1.530800 ms  DeleteObjects: 0.101500 ms)

========================================================================
Received Import Request.
  Time since last request: 2661.130906 seconds.
  path: Assets/Sounds/Moving Up [Original Mix] - Kami Royalty Free Music - No Copyright Music.prefab
  artifactKey: Guid(bc26388760ec15a45a93f8072fb0dd54) Importer(815301076,1909f56bfc062723c751e8b465ee728b)
Start importing Assets/Sounds/Moving Up [Original Mix] - Kami Royalty Free Music - No Copyright Music.prefab using Guid(bc26388760ec15a45a93f8072fb0dd54) Importer(815301076,1909f56bfc062723c751e8b465ee728b)  -> (artifact id: '0a78941ad66a437ed8eab395633f5653') in 0.022400 seconds
  Import took 0.025390 seconds .

========================================================================
Received Import Request.
  Time since last request: 8.607973 seconds.
  path: Assets/Sounds/Moving Up [Original Mix] - Kami Royalty Free Music - No Copyright Music.prefab
  artifactKey: Guid(bc26388760ec15a45a93f8072fb0dd54) Importer(815301076,1909f56bfc062723c751e8b465ee728b)
Start importing Assets/Sounds/Moving Up [Original Mix] - Kami Royalty Free Music - No Copyright Music.prefab using Guid(bc26388760ec15a45a93f8072fb0dd54) Importer(815301076,1909f56bfc062723c751e8b465ee728b)  -> (artifact id: '6384bfff240c62c61c1dc55e89a0560d') in 0.004181 seconds
  Import took 0.007106 seconds .

========================================================================
Received Prepare
Registering precompiled user dll's ...
Registered in 0.000701 seconds.
Begin MonoManager ReloadAssembly
Native extension for WindowsStandalone target not found
Refreshing native plugins compatible for Editor in 0.41 ms, found 1 plugins.
Preloading 0 native plugins for Editor in 0.00 ms.
Invoked RoslynAnalysisRunner static constructor.
RoslynAnalysisRunner will not be running.
RoslynAnalysisRunner has terminated.
Mono: successfully reloaded assembly
- Completed reload, in  0.555 seconds
Platform modules already initialized, skipping
Refreshing native plugins compatible for Editor in 0.40 ms, found 1 plugins.
Preloading 0 native plugins for Editor in 0.00 ms.
Unloading 1790 Unused Serialized files (Serialized files now loaded: 0)
System memory in use before: 88.0 MB.
System memory in use after: 88.0 MB.

Unloading 12 unused Assets to reduce memory usage. Loaded Objects now: 2267.
Total: 2.037500 ms (FindLiveObjects: 0.224300 ms CreateObjectMapping: 0.044200 ms MarkObjects: 1.658400 ms  DeleteObjects: 0.109700 ms)

========================================================================
Received Prepare
Registering precompiled user dll's ...
Registered in 0.000809 seconds.
Begin MonoManager ReloadAssembly
Native extension for WindowsStandalone target not found
Refreshing native plugins compatible for Editor in 0.38 ms, found 1 plugins.
Preloading 0 native plugins for Editor in 0.00 ms.
Invoked RoslynAnalysisRunner static constructor.
RoslynAnalysisRunner will not be running.
RoslynAnalysisRunner has terminated.
Mono: successfully reloaded assembly
- Completed reload, in  0.574 seconds
Platform modules already initialized, skipping
Refreshing native plugins compatible for Editor in 0.41 ms, found 1 plugins.
Preloading 0 native plugins for Editor in 0.00 ms.
Unloading 1790 Unused Serialized files (Serialized files now loaded: 0)
System memory in use before: 88.0 MB.
System memory in use after: 88.0 MB.

Unloading 12 unused Assets to reduce memory usage. Loaded Objects now: 2270.
Total: 1.990300 ms (FindLiveObjects: 0.209500 ms CreateObjectMapping: 0.061700 ms MarkObjects: 1.615800 ms  DeleteObjects: 0.102300 ms)

========================================================================
Received Prepare
Registering precompiled user dll's ...
Registered in 0.000888 seconds.
Begin MonoManager ReloadAssembly
Native extension for WindowsStandalone target not found
Refreshing native plugins compatible for Editor in 0.38 ms, found 1 plugins.
Preloading 0 native plugins for Editor in 0.00 ms.
Invoked RoslynAnalysisRunner static constructor.
RoslynAnalysisRunner will not be running.
RoslynAnalysisRunner has terminated.
Mono: successfully reloaded assembly
- Completed reload, in  0.593 seconds
Platform modules already initialized, skipping
Refreshing native plugins compatible for Editor in 0.41 ms, found 1 plugins.
Preloading 0 native plugins for Editor in 0.00 ms.
Unloading 1790 Unused Serialized files (Serialized files now loaded: 0)
System memory in use before: 88.1 MB.
System memory in use after: 88.1 MB.

Unloading 12 unused Assets to reduce memory usage. Loaded Objects now: 2273.
Total: 1.986900 ms (FindLiveObjects: 0.209000 ms CreateObjectMapping: 0.038900 ms MarkObjects: 1.630000 ms  DeleteObjects: 0.107900 ms)

========================================================================
Received Import Request.
  Time since last request: 835.471057 seconds.
  path: Assets/Sounds/Master.mixer
  artifactKey: Guid(6c481c334e277884d9653e031080fa28) Importer(815301076,1909f56bfc062723c751e8b465ee728b)
Start importing Assets/Sounds/Master.mixer using Guid(6c481c334e277884d9653e031080fa28) Importer(815301076,1909f56bfc062723c751e8b465ee728b)  -> (artifact id: '3b98a26f6c0234e1f16a6074ae50ff41') in 0.014157 seconds
  Import took 0.017154 seconds .

========================================================================
Received Prepare
Registering precompiled user dll's ...
Registered in 0.000784 seconds.
Begin MonoManager ReloadAssembly
Native extension for WindowsStandalone target not found
Refreshing native plugins compatible for Editor in 0.38 ms, found 1 plugins.
Preloading 0 native plugins for Editor in 0.00 ms.
Invoked RoslynAnalysisRunner static constructor.
RoslynAnalysisRunner will not be running.
RoslynAnalysisRunner has terminated.
Mono: successfully reloaded assembly
- Completed reload, in  0.556 seconds
Platform modules already initialized, skipping
Refreshing native plugins compatible for Editor in 0.47 ms, found 1 plugins.
Preloading 0 native plugins for Editor in 0.00 ms.
Unloading 1790 Unused Serialized files (Serialized files now loaded: 0)
System memory in use before: 88.2 MB.
System memory in use after: 88.2 MB.

Unloading 12 unused Assets to reduce memory usage. Loaded Objects now: 2276.
Total: 1.760200 ms (FindLiveObjects: 0.176400 ms CreateObjectMapping: 0.045700 ms MarkObjects: 1.442800 ms  DeleteObjects: 0.094300 ms)

========================================================================
Received Prepare
Registering precompiled user dll's ...
Registered in 0.001056 seconds.
Begin MonoManager ReloadAssembly
Native extension for WindowsStandalone target not found
Refreshing native plugins compatible for Editor in 0.38 ms, found 1 plugins.
Preloading 0 native plugins for Editor in 0.00 ms.
Invoked RoslynAnalysisRunner static constructor.
RoslynAnalysisRunner will not be running.
RoslynAnalysisRunner has terminated.
Mono: successfully reloaded assembly
- Completed reload, in  0.574 seconds
Platform modules already initialized, skipping
Refreshing native plugins compatible for Editor in 0.43 ms, found 1 plugins.
Preloading 0 native plugins for Editor in 0.00 ms.
Unloading 1790 Unused Serialized files (Serialized files now loaded: 0)
System memory in use before: 88.3 MB.
System memory in use after: 88.3 MB.

Unloading 12 unused Assets to reduce memory usage. Loaded Objects now: 2279.
Total: 1.822400 ms (FindLiveObjects: 0.205300 ms CreateObjectMapping: 0.062600 ms MarkObjects: 1.455100 ms  DeleteObjects: 0.098200 ms)

========================================================================
Received Prepare
Registering precompiled user dll's ...
Registered in 0.000732 seconds.
Begin MonoManager ReloadAssembly
Native extension for WindowsStandalone target not found
Refreshing native plugins compatible for Editor in 0.48 ms, found 1 plugins.
Preloading 0 native plugins for Editor in 0.00 ms.
Invoked RoslynAnalysisRunner static constructor.
RoslynAnalysisRunner will not be running.
RoslynAnalysisRunner has terminated.
Mono: successfully reloaded assembly
- Completed reload, in  0.560 seconds
Platform modules already initialized, skipping
Refreshing native plugins compatible for Editor in 0.39 ms, found 1 plugins.
Preloading 0 native plugins for Editor in 0.00 ms.
Unloading 1790 Unused Serialized files (Serialized files now loaded: 0)
System memory in use before: 88.3 MB.
System memory in use after: 88.3 MB.

Unloading 12 unused Assets to reduce memory usage. Loaded Objects now: 2282.
Total: 2.079800 ms (FindLiveObjects: 0.186300 ms CreateObjectMapping: 0.047000 ms MarkObjects: 1.754600 ms  DeleteObjects: 0.090900 ms)

========================================================================
Received Prepare
Registering precompiled user dll's ...
Registered in 0.001020 seconds.
Begin MonoManager ReloadAssembly
Native extension for WindowsStandalone target not found
Refreshing native plugins compatible for Editor in 0.38 ms, found 1 plugins.
Preloading 0 native plugins for Editor in 0.00 ms.
Invoked RoslynAnalysisRunner static constructor.
RoslynAnalysisRunner will not be running.
RoslynAnalysisRunner has terminated.
Mono: successfully reloaded assembly
- Completed reload, in  0.586 seconds
Platform modules already initialized, skipping
Refreshing native plugins compatible for Editor in 0.40 ms, found 1 plugins.
Preloading 0 native plugins for Editor in 0.00 ms.
Unloading 1790 Unused Serialized files (Serialized files now loaded: 0)
System memory in use before: 88.4 MB.
System memory in use after: 88.4 MB.

Unloading 12 unused Assets to reduce memory usage. Loaded Objects now: 2285.
Total: 2.744100 ms (FindLiveObjects: 0.255200 ms CreateObjectMapping: 0.173700 ms MarkObjects: 2.190500 ms  DeleteObjects: 0.123600 ms)

========================================================================
Received Prepare
Registering precompiled user dll's ...
Registered in 0.000646 seconds.
Begin MonoManager ReloadAssembly
Native extension for WindowsStandalone target not found
Refreshing native plugins compatible for Editor in 0.39 ms, found 1 plugins.
Preloading 0 native plugins for Editor in 0.00 ms.
Invoked RoslynAnalysisRunner static constructor.
RoslynAnalysisRunner will not be running.
RoslynAnalysisRunner has terminated.
Mono: successfully reloaded assembly
- Completed reload, in  0.549 seconds
Platform modules already initialized, skipping
Refreshing native plugins compatible for Editor in 0.39 ms, found 1 plugins.
Preloading 0 native plugins for Editor in 0.00 ms.
Unloading 1790 Unused Serialized files (Serialized files now loaded: 0)
System memory in use before: 88.5 MB.
System memory in use after: 88.5 MB.

Unloading 12 unused Assets to reduce memory usage. Loaded Objects now: 2288.
Total: 1.945000 ms (FindLiveObjects: 0.225800 ms CreateObjectMapping: 0.066700 ms MarkObjects: 1.552900 ms  DeleteObjects: 0.098700 ms)

========================================================================
Received Prepare
Registering precompiled user dll's ...
Registered in 0.000707 seconds.
Begin MonoManager ReloadAssembly
Native extension for WindowsStandalone target not found
Refreshing native plugins compatible for Editor in 0.38 ms, found 1 plugins.
Preloading 0 native plugins for Editor in 0.00 ms.
Invoked RoslynAnalysisRunner static constructor.
RoslynAnalysisRunner will not be running.
RoslynAnalysisRunner has terminated.
Mono: successfully reloaded assembly
- Completed reload, in  0.539 seconds
Platform modules already initialized, skipping
Refreshing native plugins compatible for Editor in 0.44 ms, found 1 plugins.
Preloading 0 native plugins for Editor in 0.00 ms.
Unloading 1790 Unused Serialized files (Serialized files now loaded: 0)
System memory in use before: 88.5 MB.
System memory in use after: 88.5 MB.

Unloading 12 unused Assets to reduce memory usage. Loaded Objects now: 2291.
Total: 2.032000 ms (FindLiveObjects: 0.182100 ms CreateObjectMapping: 0.042800 ms MarkObjects: 1.710700 ms  DeleteObjects: 0.095900 ms)

========================================================================
Received Prepare
Registering precompiled user dll's ...
Registered in 0.000666 seconds.
Begin MonoManager ReloadAssembly
Native extension for WindowsStandalone target not found
Refreshing native plugins compatible for Editor in 0.39 ms, found 1 plugins.
Preloading 0 native plugins for Editor in 0.00 ms.
Invoked RoslynAnalysisRunner static constructor.
RoslynAnalysisRunner will not be running.
RoslynAnalysisRunner has terminated.
Mono: successfully reloaded assembly
- Completed reload, in  0.540 seconds
Platform modules already initialized, skipping
Refreshing native plugins compatible for Editor in 0.40 ms, found 1 plugins.
Preloading 0 native plugins for Editor in 0.00 ms.
Unloading 1790 Unused Serialized files (Serialized files now loaded: 0)
System memory in use before: 88.6 MB.
System memory in use after: 88.6 MB.

Unloading 12 unused Assets to reduce memory usage. Loaded Objects now: 2294.
Total: 1.798700 ms (FindLiveObjects: 0.164100 ms CreateObjectMapping: 0.044400 ms MarkObjects: 1.488900 ms  DeleteObjects: 0.100700 ms)

========================================================================
Received Prepare
Registering precompiled user dll's ...
Registered in 0.000728 seconds.
Begin MonoManager ReloadAssembly
Native extension for WindowsStandalone target not found
Refreshing native plugins compatible for Editor in 0.37 ms, found 1 plugins.
Preloading 0 native plugins for Editor in 0.00 ms.
Invoked RoslynAnalysisRunner static constructor.
RoslynAnalysisRunner will not be running.
RoslynAnalysisRunner has terminated.
Mono: successfully reloaded assembly
- Completed reload, in  0.535 seconds
Platform modules already initialized, skipping
Refreshing native plugins compatible for Editor in 0.40 ms, found 1 plugins.
Preloading 0 native plugins for Editor in 0.00 ms.
Unloading 1790 Unused Serialized files (Serialized files now loaded: 0)
System memory in use before: 88.7 MB.
System memory in use after: 88.7 MB.

Unloading 12 unused Assets to reduce memory usage. Loaded Objects now: 2297.
Total: 2.245900 ms (FindLiveObjects: 0.260400 ms CreateObjectMapping: 0.060900 ms MarkObjects: 1.823400 ms  DeleteObjects: 0.100300 ms)

========================================================================
Received Prepare
Registering precompiled user dll's ...
Registered in 0.000682 seconds.
Begin MonoManager ReloadAssembly
Native extension for WindowsStandalone target not found
Refreshing native plugins compatible for Editor in 0.36 ms, found 1 plugins.
Preloading 0 native plugins for Editor in 0.00 ms.
Invoked RoslynAnalysisRunner static constructor.
RoslynAnalysisRunner will not be running.
RoslynAnalysisRunner has terminated.
Mono: successfully reloaded assembly
- Completed reload, in  0.525 seconds
Platform modules already initialized, skipping
Refreshing native plugins compatible for Editor in 0.38 ms, found 1 plugins.
Preloading 0 native plugins for Editor in 0.00 ms.
Unloading 1790 Unused Serialized files (Serialized files now loaded: 0)
System memory in use before: 88.7 MB.
System memory in use after: 88.7 MB.

Unloading 12 unused Assets to reduce memory usage. Loaded Objects now: 2300.
Total: 1.917500 ms (FindLiveObjects: 0.180300 ms CreateObjectMapping: 0.043800 ms MarkObjects: 1.589200 ms  DeleteObjects: 0.103100 ms)

========================================================================
Received Prepare
Registering precompiled user dll's ...
Registered in 0.000777 seconds.
Begin MonoManager ReloadAssembly
Native extension for WindowsStandalone target not found
Refreshing native plugins compatible for Editor in 0.40 ms, found 1 plugins.
Preloading 0 native plugins for Editor in 0.00 ms.
Invoked RoslynAnalysisRunner static constructor.
RoslynAnalysisRunner will not be running.
RoslynAnalysisRunner has terminated.
Mono: successfully reloaded assembly
- Completed reload, in  0.545 seconds
Platform modules already initialized, skipping
Refreshing native plugins compatible for Editor in 0.39 ms, found 1 plugins.
Preloading 0 native plugins for Editor in 0.00 ms.
Unloading 1790 Unused Serialized files (Serialized files now loaded: 0)
System memory in use before: 88.8 MB.
System memory in use after: 88.8 MB.

Unloading 12 unused Assets to reduce memory usage. Loaded Objects now: 2303.
Total: 2.107400 ms (FindLiveObjects: 0.182600 ms CreateObjectMapping: 0.061700 ms MarkObjects: 1.764800 ms  DeleteObjects: 0.097400 ms)

========================================================================
Received Prepare
Registering precompiled user dll's ...
Registered in 0.000838 seconds.
Begin MonoManager ReloadAssembly
Native extension for WindowsStandalone target not found
Refreshing native plugins compatible for Editor in 0.37 ms, found 1 plugins.
Preloading 0 native plugins for Editor in 0.00 ms.
Invoked RoslynAnalysisRunner static constructor.
RoslynAnalysisRunner will not be running.
RoslynAnalysisRunner has terminated.
Mono: successfully reloaded assembly
- Completed reload, in  0.533 seconds
Platform modules already initialized, skipping
Refreshing native plugins compatible for Editor in 0.41 ms, found 1 plugins.
Preloading 0 native plugins for Editor in 0.00 ms.
Unloading 1790 Unused Serialized files (Serialized files now loaded: 0)
System memory in use before: 88.9 MB.
System memory in use after: 88.9 MB.

Unloading 12 unused Assets to reduce memory usage. Loaded Objects now: 2306.
Total: 1.937000 ms (FindLiveObjects: 0.209200 ms CreateObjectMapping: 0.049800 ms MarkObjects: 1.586400 ms  DeleteObjects: 0.090700 ms)

========================================================================
Received Import Request.
  Time since last request: 1674.567659 seconds.
  path: Assets/Sounds/Master.mixer
  artifactKey: Guid(6c481c334e277884d9653e031080fa28) Importer(815301076,1909f56bfc062723c751e8b465ee728b)
Start importing Assets/Sounds/Master.mixer using Guid(6c481c334e277884d9653e031080fa28) Importer(815301076,1909f56bfc062723c751e8b465ee728b)  -> (artifact id: 'c73c104070caa6cef9573980936fbe8d') in 0.012634 seconds
  Import took 0.015380 seconds .

========================================================================
Received Import Request.
  Time since last request: 66.777355 seconds.
  path: Assets/assests pitures/coffee sack.png
  artifactKey: Guid(6ecbcf3528d339240a3392a522dc09af) Importer(815301076,1909f56bfc062723c751e8b465ee728b)
Start importing Assets/assests pitures/coffee sack.png using Guid(6ecbcf3528d339240a3392a522dc09af) Importer(815301076,1909f56bfc062723c751e8b465ee728b)  -> (artifact id: 'f4f544c1f1a482b50b89f5ea354a690b') in 0.048944 seconds
  Import took 0.051605 seconds .

========================================================================
Received Import Request.
  Time since last request: 67.182041 seconds.
  path: Assets/assests pitures/coffee sack.png
  artifactKey: Guid(6ecbcf3528d339240a3392a522dc09af) Importer(815301076,1909f56bfc062723c751e8b465ee728b)
Start importing Assets/assests pitures/coffee sack.png using Guid(6ecbcf3528d339240a3392a522dc09af) Importer(815301076,1909f56bfc062723c751e8b465ee728b)  -> (artifact id: 'eddbad208bb0f22c4042b1eef17af059') in 0.020983 seconds
  Import took 0.023778 seconds .

========================================================================
Received Import Request.
  Time since last request: 43.484528 seconds.
  path: Assets/assests pitures/coffee sack.png
  artifactKey: Guid(6ecbcf3528d339240a3392a522dc09af) Importer(815301076,1909f56bfc062723c751e8b465ee728b)
Start importing Assets/assests pitures/coffee sack.png using Guid(6ecbcf3528d339240a3392a522dc09af) Importer(815301076,1909f56bfc062723c751e8b465ee728b)  -> (artifact id: '651e6836dfce2abbcca747df49a5ad73') in 0.020487 seconds
  Import took 0.023314 seconds .

========================================================================
Received Import Request.
  Time since last request: 29.736220 seconds.
  path: Assets/assests pitures/coffee sack.png
  artifactKey: Guid(6ecbcf3528d339240a3392a522dc09af) Importer(815301076,1909f56bfc062723c751e8b465ee728b)
Start importing Assets/assests pitures/coffee sack.png using Guid(6ecbcf3528d339240a3392a522dc09af) Importer(815301076,1909f56bfc062723c751e8b465ee728b)  -> (artifact id: 'fda7481888d34907c9766085284ab1f9') in 0.012857 seconds
  Import took 0.015575 seconds .

========================================================================
Received Import Request.
  Time since last request: 0.000436 seconds.
  path: Assets/assests pitures/coffee sack.png
  artifactKey: Guid(6ecbcf3528d339240a3392a522dc09af) Importer(815301076,1909f56bfc062723c751e8b465ee728b)
Start importing Assets/assests pitures/coffee sack.png using Guid(6ecbcf3528d339240a3392a522dc09af) Importer(815301076,1909f56bfc062723c751e8b465ee728b)  -> (artifact id: 'fda7481888d34907c9766085284ab1f9') in 0.012091 seconds
  Import took 0.014803 seconds .

========================================================================
Received Import Request.
  Time since last request: 28.347446 seconds.
  path: Assets/assests pitures/coffee sack.png
  artifactKey: Guid(6ecbcf3528d339240a3392a522dc09af) Importer(815301076,1909f56bfc062723c751e8b465ee728b)
Start importing Assets/assests pitures/coffee sack.png using Guid(6ecbcf3528d339240a3392a522dc09af) Importer(815301076,1909f56bfc062723c751e8b465ee728b)  -> (artifact id: '989757601b951a03a53b7d5fabd3b20c') in 0.019198 seconds
  Import took 0.022258 seconds .

========================================================================
Received Prepare
Registering precompiled user dll's ...
Registered in 0.001230 seconds.
Begin MonoManager ReloadAssembly
Native extension for WindowsStandalone target not found
Refreshing native plugins compatible for Editor in 0.48 ms, found 1 plugins.
Preloading 0 native plugins for Editor in 0.00 ms.
Invoked RoslynAnalysisRunner static constructor.
RoslynAnalysisRunner will not be running.
RoslynAnalysisRunner has terminated.
Mono: successfully reloaded assembly
- Completed reload, in  0.594 seconds
Platform modules already initialized, skipping
Refreshing native plugins compatible for Editor in 0.44 ms, found 1 plugins.
Preloading 0 native plugins for Editor in 0.00 ms.
Unloading 1790 Unused Serialized files (Serialized files now loaded: 0)
System memory in use before: 89.0 MB.
System memory in use after: 89.0 MB.

Unloading 12 unused Assets to reduce memory usage. Loaded Objects now: 2313.
Total: 2.347200 ms (FindLiveObjects: 0.268800 ms CreateObjectMapping: 0.050900 ms MarkObjects: 1.836100 ms  DeleteObjects: 0.190400 ms)

========================================================================
Received Prepare
Refreshing native plugins compatible for Editor in 1.47 ms, found 1 plugins.
Preloading 0 native plugins for Editor in 0.00 ms.
Unloading 10 Unused Serialized files (Serialized files now loaded: 0)
System memory in use before: 53.9 MB.
System memory in use after: 53.9 MB.

Unloading 10 unused Assets to reduce memory usage. Loaded Objects now: 2313.
Total: 1.840300 ms (FindLiveObjects: 0.200400 ms CreateObjectMapping: 0.049500 ms MarkObjects: 1.492400 ms  DeleteObjects: 0.097200 ms)

AssetImportWorkerClient::OnTransportError - code=2 error=End of file
