Using pre-set license
Built from '2020.2/release' branch; Version is '2020.2.2f1 (068178b99f32) revision 426360'; Using compiler version '192528614'; Build Type 'Release'
OS: 'Windows 10 Pro; OS build 19043.1348; Version 2009; 64bit' Language: 'en' Physical Memory: 65445 MB
BatchMode: 1, IsHumanControllingUs: 0, StartBugReporterOnCrash: 0, Is64bit: 1, IsPro: 0

 COMMAND LINE ARGUMENTS:
C:\Program Files\Unity\Editor\Unity.exe
-adb2
-batchMode
-noUpm
-name
AssetImportWorker1
-projectPath
C:/Users/LionA/Desktop/Unity Projects/Clicker SE2 2021 GroupA
-logFile
Logs/AssetImportWorker1.log
-srvPort
50541
Successfully changed project path to: C:/Users/LionA/Desktop/Unity Projects/Clicker SE2 2021 GroupA
C:/Users/LionA/Desktop/Unity Projects/Clicker SE2 2021 GroupA
Using Asset Import Pipeline V2.
Refreshing native plugins compatible for Editor in 25.49 ms, found 1 plugins.
Preloading 0 native plugins for Editor in 0.00 ms.
Initialize engine version: 2020.2.2f1 (068178b99f32)
[Subsystems] Discovering subsystems at path C:/Program Files/Unity/Editor/Data/Resources/UnitySubsystems
[Subsystems] Discovering subsystems at path C:/Users/LionA/Desktop/Unity Projects/Clicker SE2 2021 GroupA/Assets
GfxDevice: creating device client; threaded=0
Direct3D:
    Version:  Direct3D 11.0 [level 11.1]
    Renderer: NVIDIA GeForce RTX 3090 (ID=0x2204)
    Vendor:   
    VRAM:     24348 MB
    Driver:   30.0.14.7239
Initialize mono
Mono path[0] = 'C:/Program Files/Unity/Editor/Data/Managed'
Mono path[1] = 'C:/Program Files/Unity/Editor/Data/MonoBleedingEdge/lib/mono/unityjit'
Mono config path = 'C:/Program Files/Unity/Editor/Data/MonoBleedingEdge/etc'
Using monoOptions --debugger-agent=transport=dt_socket,embedding=1,server=y,suspend=n,address=127.0.0.1:56920
Begin MonoManager ReloadAssembly
Registering precompiled unity dll's ...
Register platform support module: C:/Program Files/Unity/Editor/Data/PlaybackEngines/WindowsStandaloneSupport/UnityEditor.WindowsStandalone.Extensions.dll
Registered in 0.001415 seconds.
Native extension for WindowsStandalone target not found
Refreshing native plugins compatible for Editor in 24.81 ms, found 1 plugins.
Preloading 0 native plugins for Editor in 0.00 ms.
Invoked RoslynAnalysisRunner static constructor.
RoslynAnalysisRunner will not be running.
RoslynAnalysisRunner has terminated.
Mono: successfully reloaded assembly
- Completed reload, in  0.798 seconds
Platform modules already initialized, skipping
Registering precompiled user dll's ...
Registered in 0.000901 seconds.
Begin MonoManager ReloadAssembly
Native extension for WindowsStandalone target not found
Refreshing native plugins compatible for Editor in 24.89 ms, found 1 plugins.
Preloading 0 native plugins for Editor in 0.00 ms.
Invoked RoslynAnalysisRunner static constructor.
RoslynAnalysisRunner will not be running.
RoslynAnalysisRunner has terminated.
Mono: successfully reloaded assembly
- Completed reload, in  0.594 seconds
Platform modules already initialized, skipping
========================================================================
Worker process is ready to serve import requests
Launched and connected shader compiler UnityShaderCompiler.exe after 0.07 seconds
Refreshing native plugins compatible for Editor in 0.36 ms, found 1 plugins.
Preloading 0 native plugins for Editor in 0.00 ms.
Unloading 1794 Unused Serialized files (Serialized files now loaded: 0)
System memory in use before: 84.4 MB.
System memory in use after: 84.4 MB.

Unloading 24 unused Assets to reduce memory usage. Loaded Objects now: 2236.
Total: 2.341300 ms (FindLiveObjects: 0.399200 ms CreateObjectMapping: 0.085300 ms MarkObjects: 1.751800 ms  DeleteObjects: 0.103200 ms)

========================================================================
Received Import Request.
  path: Assets/assests pitures/coffee-plantation-graphic-175770320.jpg
  artifactKey: Guid(0b9bc4edb122e1440a9dc3217840101d) Importer(815301076,1909f56bfc062723c751e8b465ee728b)
Start importing Assets/assests pitures/coffee-plantation-graphic-175770320.jpg using Guid(0b9bc4edb122e1440a9dc3217840101d) Importer(815301076,1909f56bfc062723c751e8b465ee728b)  -> (artifact id: '7b57408e0daa97beeab8b2a467cf44d3') in 0.074725 seconds
  Import took 0.077343 seconds .

========================================================================
Received Import Request.
  Time since last request: 253.621945 seconds.
  path: Assets/assests pitures/parchment_paper_detail-1.jpg
  artifactKey: Guid(7fa2856ca1e7be842bec1fd640b0c5b2) Importer(815301076,1909f56bfc062723c751e8b465ee728b)
Start importing Assets/assests pitures/parchment_paper_detail-1.jpg using Guid(7fa2856ca1e7be842bec1fd640b0c5b2) Importer(815301076,1909f56bfc062723c751e8b465ee728b)  -> (artifact id: 'b1c214a0a88cd1746de7023e8a3a647d') in 0.016157 seconds
  Import took 0.018948 seconds .

========================================================================
Received Import Request.
  Time since last request: 316.808870 seconds.
  path: Assets/assests pitures/Stick Paws Studios Log.png
  artifactKey: Guid(0d9f9d69e2fcb8743befc7fe16ee20f1) Importer(815301076,1909f56bfc062723c751e8b465ee728b)
Start importing Assets/assests pitures/Stick Paws Studios Log.png using Guid(0d9f9d69e2fcb8743befc7fe16ee20f1) Importer(815301076,1909f56bfc062723c751e8b465ee728b)  -> (artifact id: '3f7fdd3e951de29ec0a3de39a7b2ad9a') in 0.022831 seconds
  Import took 0.025878 seconds .

========================================================================
Received Prepare
Refreshing native plugins compatible for Editor in 1.51 ms, found 1 plugins.
Preloading 0 native plugins for Editor in 0.00 ms.
Unloading 10 Unused Serialized files (Serialized files now loaded: 0)
System memory in use before: 52.3 MB.
System memory in use after: 52.3 MB.

Unloading 10 unused Assets to reduce memory usage. Loaded Objects now: 2246.
Total: 2.529800 ms (FindLiveObjects: 0.202800 ms CreateObjectMapping: 0.048900 ms MarkObjects: 2.195700 ms  DeleteObjects: 0.081400 ms)

AssetImportWorkerClient::OnTransportError - code=2 error=End of file
